Determining if the pthread_create exist failed with the following output:
Change Dir: /home/adigu002/Documents/CS 5721/myRayTracer/CMakeFiles/CMakeTmp

Run Build Command:"/usr/bin/make" "cmTC_a3ea5/fast"
/usr/bin/make -f CMakeFiles/cmTC_a3ea5.dir/build.make CMakeFiles/cmTC_a3ea5.dir/build
make[1]: Entering directory '/home/adigu002/Documents/CS 5721/myRayTracer/CMakeFiles/CMakeTmp'
Building C object CMakeFiles/cmTC_a3ea5.dir/CheckSymbolExists.c.o
/usr/bin/cc     -o CMakeFiles/cmTC_a3ea5.dir/CheckSymbolExists.c.o   -c "/home/adigu002/Documents/CS 5721/myRayTracer/CMakeFiles/CMakeTmp/CheckSymbolExists.c"
Linking C executable cmTC_a3ea5
/usr/bin/cmake -E cmake_link_script CMakeFiles/cmTC_a3ea5.dir/link.txt --verbose=1
/usr/bin/cc       CMakeFiles/cmTC_a3ea5.dir/CheckSymbolExists.c.o  -o cmTC_a3ea5 -rdynamic 
CMakeFiles/cmTC_a3ea5.dir/CheckSymbolExists.c.o: In function `main':
CheckSymbolExists.c:(.text+0x16): undefined reference to `pthread_create'
collect2: error: ld returned 1 exit status
CMakeFiles/cmTC_a3ea5.dir/build.make:97: recipe for target 'cmTC_a3ea5' failed
make[1]: *** [cmTC_a3ea5] Error 1
make[1]: Leaving directory '/home/adigu002/Documents/CS 5721/myRayTracer/CMakeFiles/CMakeTmp'
Makefile:126: recipe for target 'cmTC_a3ea5/fast' failed
make: *** [cmTC_a3ea5/fast] Error 2

File /home/adigu002/Documents/CS 5721/myRayTracer/CMakeFiles/CMakeTmp/CheckSymbolExists.c:
/* */
#include <pthread.h>

int main(int argc, char** argv)
{
  (void)argv;
#ifndef pthread_create
  return ((int*)(&pthread_create))[argc];
#else
  (void)argc;
  return 0;
#endif
}

Determining if the function pthread_create exists in the pthreads failed with the following output:
Change Dir: /home/adigu002/Documents/CS 5721/myRayTracer/CMakeFiles/CMakeTmp

Run Build Command:"/usr/bin/make" "cmTC_af0b4/fast"
/usr/bin/make -f CMakeFiles/cmTC_af0b4.dir/build.make CMakeFiles/cmTC_af0b4.dir/build
make[1]: Entering directory '/home/adigu002/Documents/CS 5721/myRayTracer/CMakeFiles/CMakeTmp'
Building C object CMakeFiles/cmTC_af0b4.dir/CheckFunctionExists.c.o
/usr/bin/cc    -DCHECK_FUNCTION_EXISTS=pthread_create   -o CMakeFiles/cmTC_af0b4.dir/CheckFunctionExists.c.o   -c /usr/share/cmake-3.5/Modules/CheckFunctionExists.c
Linking C executable cmTC_af0b4
/usr/bin/cmake -E cmake_link_script CMakeFiles/cmTC_af0b4.dir/link.txt --verbose=1
/usr/bin/cc   -DCHECK_FUNCTION_EXISTS=pthread_create    CMakeFiles/cmTC_af0b4.dir/CheckFunctionExists.c.o  -o cmTC_af0b4 -rdynamic -lpthreads 
/usr/bin/ld: cannot find -lpthreads
collect2: error: ld returned 1 exit status
CMakeFiles/cmTC_af0b4.dir/build.make:97: recipe for target 'cmTC_af0b4' failed
make[1]: *** [cmTC_af0b4] Error 1
make[1]: Leaving directory '/home/adigu002/Documents/CS 5721/myRayTracer/CMakeFiles/CMakeTmp'
Makefile:126: recipe for target 'cmTC_af0b4/fast' failed
make: *** [cmTC_af0b4/fast] Error 2


Determining if the pthread_create exist failed with the following output:
Change Dir: /home/adigu002/Documents/CS 5721/myRayTracer/CMakeFiles/CMakeTmp

Run Build Command:"/usr/bin/make" "cmTC_499d3/fast"
make[1]: Entering directory '/home/adigu002/Documents/CS 5721/myRayTracer/CMakeFiles/CMakeTmp'
/usr/bin/make -f CMakeFiles/cmTC_499d3.dir/build.make CMakeFiles/cmTC_499d3.dir/build
make[2]: Entering directory '/home/adigu002/Documents/CS 5721/myRayTracer/CMakeFiles/CMakeTmp'
Building C object CMakeFiles/cmTC_499d3.dir/CheckSymbolExists.c.o
/usr/bin/cc     -o CMakeFiles/cmTC_499d3.dir/CheckSymbolExists.c.o   -c "/home/adigu002/Documents/CS 5721/myRayTracer/CMakeFiles/CMakeTmp/CheckSymbolExists.c"
Linking C executable cmTC_499d3
/usr/bin/cmake -E cmake_link_script CMakeFiles/cmTC_499d3.dir/link.txt --verbose=1
/usr/bin/cc       CMakeFiles/cmTC_499d3.dir/CheckSymbolExists.c.o  -o cmTC_499d3 -rdynamic 
CMakeFiles/cmTC_499d3.dir/CheckSymbolExists.c.o: In function `main':
CheckSymbolExists.c:(.text+0x16): undefined reference to `pthread_create'
collect2: error: ld returned 1 exit status
CMakeFiles/cmTC_499d3.dir/build.make:97: recipe for target 'cmTC_499d3' failed
make[2]: *** [cmTC_499d3] Error 1
make[2]: Leaving directory '/home/adigu002/Documents/CS 5721/myRayTracer/CMakeFiles/CMakeTmp'
Makefile:126: recipe for target 'cmTC_499d3/fast' failed
make[1]: *** [cmTC_499d3/fast] Error 2
make[1]: Leaving directory '/home/adigu002/Documents/CS 5721/myRayTracer/CMakeFiles/CMakeTmp'

File /home/adigu002/Documents/CS 5721/myRayTracer/CMakeFiles/CMakeTmp/CheckSymbolExists.c:
/* */
#include <pthread.h>

int main(int argc, char** argv)
{
  (void)argv;
#ifndef pthread_create
  return ((int*)(&pthread_create))[argc];
#else
  (void)argc;
  return 0;
#endif
}

Determining if the function pthread_create exists in the pthreads failed with the following output:
Change Dir: /home/adigu002/Documents/CS 5721/myRayTracer/CMakeFiles/CMakeTmp

Run Build Command:"/usr/bin/make" "cmTC_050b8/fast"
make[1]: Entering directory '/home/adigu002/Documents/CS 5721/myRayTracer/CMakeFiles/CMakeTmp'
/usr/bin/make -f CMakeFiles/cmTC_050b8.dir/build.make CMakeFiles/cmTC_050b8.dir/build
make[2]: Entering directory '/home/adigu002/Documents/CS 5721/myRayTracer/CMakeFiles/CMakeTmp'
Building C object CMakeFiles/cmTC_050b8.dir/CheckFunctionExists.c.o
/usr/bin/cc    -DCHECK_FUNCTION_EXISTS=pthread_create   -o CMakeFiles/cmTC_050b8.dir/CheckFunctionExists.c.o   -c /usr/share/cmake-3.5/Modules/CheckFunctionExists.c
Linking C executable cmTC_050b8
/usr/bin/cmake -E cmake_link_script CMakeFiles/cmTC_050b8.dir/link.txt --verbose=1
/usr/bin/cc   -DCHECK_FUNCTION_EXISTS=pthread_create    CMakeFiles/cmTC_050b8.dir/CheckFunctionExists.c.o  -o cmTC_050b8 -rdynamic -lpthreads 
/usr/bin/ld: cannot find -lpthreads
collect2: error: ld returned 1 exit status
CMakeFiles/cmTC_050b8.dir/build.make:97: recipe for target 'cmTC_050b8' failed
make[2]: *** [cmTC_050b8] Error 1
make[2]: Leaving directory '/home/adigu002/Documents/CS 5721/myRayTracer/CMakeFiles/CMakeTmp'
Makefile:126: recipe for target 'cmTC_050b8/fast' failed
make[1]: *** [cmTC_050b8/fast] Error 2
make[1]: Leaving directory '/home/adigu002/Documents/CS 5721/myRayTracer/CMakeFiles/CMakeTmp'


