Determining if the pthread_create exist failed with the following output:
Change Dir: /home/adigu002/Documents/CS 5721/myRayTracer/build/CMakeFiles/CMakeTmp

Run Build Command:"/usr/bin/make" "cmTC_0fde8/fast"
/usr/bin/make -f CMakeFiles/cmTC_0fde8.dir/build.make CMakeFiles/cmTC_0fde8.dir/build
make[1]: Entering directory '/home/adigu002/Documents/CS 5721/myRayTracer/build/CMakeFiles/CMakeTmp'
Building C object CMakeFiles/cmTC_0fde8.dir/CheckSymbolExists.c.o
/usr/bin/cc     -o CMakeFiles/cmTC_0fde8.dir/CheckSymbolExists.c.o   -c "/home/adigu002/Documents/CS 5721/myRayTracer/build/CMakeFiles/CMakeTmp/CheckSymbolExists.c"
Linking C executable cmTC_0fde8
/usr/bin/cmake -E cmake_link_script CMakeFiles/cmTC_0fde8.dir/link.txt --verbose=1
/usr/bin/cc       CMakeFiles/cmTC_0fde8.dir/CheckSymbolExists.c.o  -o cmTC_0fde8 -rdynamic 
CMakeFiles/cmTC_0fde8.dir/CheckSymbolExists.c.o: In function `main':
CheckSymbolExists.c:(.text+0x16): undefined reference to `pthread_create'
collect2: error: ld returned 1 exit status
CMakeFiles/cmTC_0fde8.dir/build.make:97: recipe for target 'cmTC_0fde8' failed
make[1]: *** [cmTC_0fde8] Error 1
make[1]: Leaving directory '/home/adigu002/Documents/CS 5721/myRayTracer/build/CMakeFiles/CMakeTmp'
Makefile:126: recipe for target 'cmTC_0fde8/fast' failed
make: *** [cmTC_0fde8/fast] Error 2

File /home/adigu002/Documents/CS 5721/myRayTracer/build/CMakeFiles/CMakeTmp/CheckSymbolExists.c:
/* */
#include <pthread.h>

int main(int argc, char** argv)
{
  (void)argv;
#ifndef pthread_create
  return ((int*)(&pthread_create))[argc];
#else
  (void)argc;
  return 0;
#endif
}

Determining if the function pthread_create exists in the pthreads failed with the following output:
Change Dir: /home/adigu002/Documents/CS 5721/myRayTracer/build/CMakeFiles/CMakeTmp

Run Build Command:"/usr/bin/make" "cmTC_05270/fast"
/usr/bin/make -f CMakeFiles/cmTC_05270.dir/build.make CMakeFiles/cmTC_05270.dir/build
make[1]: Entering directory '/home/adigu002/Documents/CS 5721/myRayTracer/build/CMakeFiles/CMakeTmp'
Building C object CMakeFiles/cmTC_05270.dir/CheckFunctionExists.c.o
/usr/bin/cc    -DCHECK_FUNCTION_EXISTS=pthread_create   -o CMakeFiles/cmTC_05270.dir/CheckFunctionExists.c.o   -c /usr/share/cmake-3.5/Modules/CheckFunctionExists.c
Linking C executable cmTC_05270
/usr/bin/cmake -E cmake_link_script CMakeFiles/cmTC_05270.dir/link.txt --verbose=1
/usr/bin/cc   -DCHECK_FUNCTION_EXISTS=pthread_create    CMakeFiles/cmTC_05270.dir/CheckFunctionExists.c.o  -o cmTC_05270 -rdynamic -lpthreads 
/usr/bin/ld: cannot find -lpthreads
collect2: error: ld returned 1 exit status
CMakeFiles/cmTC_05270.dir/build.make:97: recipe for target 'cmTC_05270' failed
make[1]: *** [cmTC_05270] Error 1
make[1]: Leaving directory '/home/adigu002/Documents/CS 5721/myRayTracer/build/CMakeFiles/CMakeTmp'
Makefile:126: recipe for target 'cmTC_05270/fast' failed
make: *** [cmTC_05270/fast] Error 2


Determining if the pthread_create exist failed with the following output:
Change Dir: /home/csgrads/adigu002/Documents/CS 5721/myRayTracer/build/CMakeFiles/CMakeTmp

Run Build Command:"/usr/bin/make" "cmTC_f675e/fast"
/usr/bin/make -f CMakeFiles/cmTC_f675e.dir/build.make CMakeFiles/cmTC_f675e.dir/build
make[1]: Entering directory '/home/csgrads/adigu002/Documents/CS 5721/myRayTracer/build/CMakeFiles/CMakeTmp'
Building C object CMakeFiles/cmTC_f675e.dir/CheckSymbolExists.c.o
/usr/bin/cc     -o CMakeFiles/cmTC_f675e.dir/CheckSymbolExists.c.o   -c "/home/csgrads/adigu002/Documents/CS 5721/myRayTracer/build/CMakeFiles/CMakeTmp/CheckSymbolExists.c"
Linking C executable cmTC_f675e
/usr/bin/cmake -E cmake_link_script CMakeFiles/cmTC_f675e.dir/link.txt --verbose=1
/usr/bin/cc       CMakeFiles/cmTC_f675e.dir/CheckSymbolExists.c.o  -o cmTC_f675e -rdynamic 
CMakeFiles/cmTC_f675e.dir/CheckSymbolExists.c.o: In function `main':
CheckSymbolExists.c:(.text+0x16): undefined reference to `pthread_create'
collect2: error: ld returned 1 exit status
CMakeFiles/cmTC_f675e.dir/build.make:97: recipe for target 'cmTC_f675e' failed
make[1]: *** [cmTC_f675e] Error 1
make[1]: Leaving directory '/home/csgrads/adigu002/Documents/CS 5721/myRayTracer/build/CMakeFiles/CMakeTmp'
Makefile:126: recipe for target 'cmTC_f675e/fast' failed
make: *** [cmTC_f675e/fast] Error 2

File /home/csgrads/adigu002/Documents/CS 5721/myRayTracer/build/CMakeFiles/CMakeTmp/CheckSymbolExists.c:
/* */
#include <pthread.h>

int main(int argc, char** argv)
{
  (void)argv;
#ifndef pthread_create
  return ((int*)(&pthread_create))[argc];
#else
  (void)argc;
  return 0;
#endif
}

Determining if the function pthread_create exists in the pthreads failed with the following output:
Change Dir: /home/csgrads/adigu002/Documents/CS 5721/myRayTracer/build/CMakeFiles/CMakeTmp

Run Build Command:"/usr/bin/make" "cmTC_ccbd0/fast"
/usr/bin/make -f CMakeFiles/cmTC_ccbd0.dir/build.make CMakeFiles/cmTC_ccbd0.dir/build
make[1]: Entering directory '/home/csgrads/adigu002/Documents/CS 5721/myRayTracer/build/CMakeFiles/CMakeTmp'
Building C object CMakeFiles/cmTC_ccbd0.dir/CheckFunctionExists.c.o
/usr/bin/cc    -DCHECK_FUNCTION_EXISTS=pthread_create   -o CMakeFiles/cmTC_ccbd0.dir/CheckFunctionExists.c.o   -c /usr/share/cmake-3.5/Modules/CheckFunctionExists.c
Linking C executable cmTC_ccbd0
/usr/bin/cmake -E cmake_link_script CMakeFiles/cmTC_ccbd0.dir/link.txt --verbose=1
/usr/bin/cc   -DCHECK_FUNCTION_EXISTS=pthread_create    CMakeFiles/cmTC_ccbd0.dir/CheckFunctionExists.c.o  -o cmTC_ccbd0 -rdynamic -lpthreads 
/usr/bin/ld: cannot find -lpthreads
collect2: error: ld returned 1 exit status
CMakeFiles/cmTC_ccbd0.dir/build.make:97: recipe for target 'cmTC_ccbd0' failed
make[1]: *** [cmTC_ccbd0] Error 1
make[1]: Leaving directory '/home/csgrads/adigu002/Documents/CS 5721/myRayTracer/build/CMakeFiles/CMakeTmp'
Makefile:126: recipe for target 'cmTC_ccbd0/fast' failed
make: *** [cmTC_ccbd0/fast] Error 2


